<?xml version="1.0" encoding="UTF-8"?>
<!-- Generated by org.testng.reporters.JUnitXMLReporter -->
<testsuite hostname="praveen" ignored="0" name="PraveenTest" tests="9" failures="2" timestamp="2021-04-26T08:13:47 CDT" time="18.01" errors="0">
  <testcase name="assertEquals" time="1.509" classname="TestNGPack.TestNGTitleVerificationSA">
    <failure type="java.lang.AssertionError" message="The following asserts failed:
	expected [State Bank of india] but found [State Bank of India]">
      <![CDATA[java.lang.AssertionError: The following asserts failed:
expected [State Bank of india] but found [State Bank of India]
at TestNGPack.TestNGTitleVerificationSA.assertEquals(TestNGTitleVerificationSA.java:34)
at java.util.ArrayList.forEach(ArrayList.java:1257)
... Removed 29 stack frames]]>
    </failure>
  </testcase> <!-- assertEquals -->
  <testcase name="assertTrue" time="1.482" classname="TestNGPack.TestNGTitleVerificationSA"/>
  <testcase name="assertTruePS" time="1.775" classname="TestNGPack.TestNGTitleVerificationSA"/>
  <testcase name="test5" time="0.006" classname="TestNGPack.TestNGDemo"/>
  <testcase name="test3" time="0.004" classname="TestNGPack.TestNGDemo"/>
  <testcase name="test4" time="0.004" classname="TestNGPack.TestNGDemo">
    <failure type="java.lang.AssertionError" message="null">
      <![CDATA[java.lang.AssertionError: null
at TestNGPack.TestNGDemo.test4(TestNGDemo.java:31)
at java.util.ArrayList.forEach(ArrayList.java:1257)
... Removed 29 stack frames]]>
    </failure>
  </testcase> <!-- test4 -->
  <testcase name="test2" time="0.0" classname="TestNGPack.TestNGDemo">
    <skipped/>
  </testcase> <!-- test2 -->
  <testcase name="test1" time="0.01" classname="TestNGPack.TestNGDemo"/>
  <testcase name="test1" time="0.009" classname="TestNGPack.TestNGDemo"/>
</testsuite> <!-- PraveenTest -->
