<html>
<head>
<title>TestNG:  PraveenTest</title>
<link href="../testng.css" rel="stylesheet" type="text/css" />
<link href="../my-testng.css" rel="stylesheet" type="text/css" />

<style type="text/css">
.log { display: none;} 
.stack-trace { display: none;} 
</style>
<script type="text/javascript">
<!--
function flip(e) {
  current = e.style.display;
  if (current == 'block') {
    e.style.display = 'none';
    return 0;
  }
  else {
    e.style.display = 'block';
    return 1;
  }
}

function toggleBox(szDivId, elem, msg1, msg2)
{
  var res = -1;  if (document.getElementById) {
    res = flip(document.getElementById(szDivId));
  }
  else if (document.all) {
    // this is the way old msie versions work
    res = flip(document.all[szDivId]);
  }
  if(elem) {
    if(res == 0) elem.innerHTML = msg1; else elem.innerHTML = msg2;
  }

}

function toggleAllBoxes() {
  if (document.getElementsByTagName) {
    d = document.getElementsByTagName('div');
    for (i = 0; i < d.length; i++) {
      if (d[i].className == 'log') {
        flip(d[i]);
      }
    }
  }
}

// -->
</script>

</head>
<body>
<h2 align='center'>PraveenTest</h2><table border='1' align="center">
<tr>
<td>Tests passed/Failed/Skipped:</td><td>6/2/1</td>
</tr><tr>
<td>Started on:</td><td>Mon Apr 26 08:13:29 CDT 2021</td>
</tr>
<tr><td>Total time:</td><td>18 seconds (18010 ms)</td>
</tr><tr>
<td>Included groups:</td><td></td>
</tr><tr>
<td>Excluded groups:</td><td></td>
</tr>
</table><p/>
<small><i>(Hover the method name to see the test class name)</i></small><p/>
<table width='100%' border='1' class='invocation-failed'>
<tr><td colspan='4' align='center'><b>FAILED TESTS</b></td></tr>
<tr><td><b>Test method</b></td>
<td width="30%"><b>Exception</b></td>
<td width="10%"><b>Time (seconds)</b></td>
<td><b>Instance</b></td>
</tr>
<tr>
<td title='TestNGPack.TestNGTitleVerificationSA.assertEquals()'><b>assertEquals</b><br>Test class: TestNGPack.TestNGTitleVerificationSA<br>Test method: Case for comparison of complete title</td>
<td><div><pre>java.lang.AssertionError: The following asserts failed:
	expected [State Bank of india] but found [State Bank of India]
	at TestNGPack.TestNGTitleVerificationSA.assertEquals(TestNGTitleVerificationSA.java:34)
	at java.util.ArrayList.forEach(ArrayList.java:1257)
... Removed 29 stack frames</pre></div><a href='#' onClick='toggleBox("stack-trace1585239756", this, "Click to show all stack frames", "Click to hide stack frames")'>Click to show all stack frames</a>
<div class='stack-trace' id='stack-trace1585239756'><pre>java.lang.AssertionError: The following asserts failed:
	expected [State Bank of india] but found [State Bank of India]
	at org.testng.asserts.SoftAssert.assertAll(SoftAssert.java:47)
	at org.testng.asserts.SoftAssert.assertAll(SoftAssert.java:31)
	at TestNGPack.TestNGTitleVerificationSA.assertEquals(TestNGTitleVerificationSA.java:34)
	at sun.reflect.NativeMethodAccessorImpl.invoke0(Native Method)
	at sun.reflect.NativeMethodAccessorImpl.invoke(NativeMethodAccessorImpl.java:62)
	at sun.reflect.DelegatingMethodAccessorImpl.invoke(DelegatingMethodAccessorImpl.java:43)
	at java.lang.reflect.Method.invoke(Method.java:498)
	at org.testng.internal.MethodInvocationHelper.invokeMethod(MethodInvocationHelper.java:132)
	at org.testng.internal.TestInvoker.invokeMethod(TestInvoker.java:599)
	at org.testng.internal.TestInvoker.invokeTestMethod(TestInvoker.java:174)
	at org.testng.internal.MethodRunner.runInSequence(MethodRunner.java:46)
	at org.testng.internal.TestInvoker$MethodInvocationAgent.invoke(TestInvoker.java:822)
	at org.testng.internal.TestInvoker.invokeTestMethods(TestInvoker.java:147)
	at org.testng.internal.TestMethodWorker.invokeTestMethods(TestMethodWorker.java:146)
	at org.testng.internal.TestMethodWorker.run(TestMethodWorker.java:128)
	at java.util.ArrayList.forEach(ArrayList.java:1257)
	at org.testng.TestRunner.privateRun(TestRunner.java:764)
	at org.testng.TestRunner.run(TestRunner.java:585)
	at org.testng.SuiteRunner.runTest(SuiteRunner.java:384)
	at org.testng.SuiteRunner.runSequentially(SuiteRunner.java:378)
	at org.testng.SuiteRunner.privateRun(SuiteRunner.java:337)
	at org.testng.SuiteRunner.run(SuiteRunner.java:286)
	at org.testng.SuiteRunnerWorker.runSuite(SuiteRunnerWorker.java:53)
	at org.testng.SuiteRunnerWorker.run(SuiteRunnerWorker.java:96)
	at org.testng.TestNG.runSuitesSequentially(TestNG.java:1218)
	at org.testng.TestNG.runSuitesLocally(TestNG.java:1140)
	at org.testng.TestNG.runSuites(TestNG.java:1069)
	at org.testng.TestNG.run(TestNG.java:1037)
	at org.testng.remote.AbstractRemoteTestNG.run(AbstractRemoteTestNG.java:115)
	at org.testng.remote.RemoteTestNG.initAndRun(RemoteTestNG.java:251)
	at org.testng.remote.RemoteTestNG.main(RemoteTestNG.java:77)
</pre></div></td>
<td>1</td>
<td>TestNGPack.TestNGTitleVerificationSA@a7e666</td></tr>
<tr>
<td title='TestNGPack.TestNGDemo.test4()'><b>test4</b><br>Test class: TestNGPack.TestNGDemo<br>Test method: Test4 Description<br/>
<a href="#Output-1703696921" onClick='toggleBox("Output-1703696921", this, "Show output", "Hide output");'>Show output</a>

<a href="#Output-1703696921" onClick="toggleAllBoxes();">Show all outputs</a>
<div class='log' id="Output-1703696921">
4<br/>
</div>
</td>
<td><div><pre>java.lang.AssertionError: null
	at TestNGPack.TestNGDemo.test4(TestNGDemo.java:31)
	at java.util.ArrayList.forEach(ArrayList.java:1257)
... Removed 29 stack frames</pre></div><a href='#' onClick='toggleBox("stack-trace1703696921", this, "Click to show all stack frames", "Click to hide stack frames")'>Click to show all stack frames</a>
<div class='stack-trace' id='stack-trace1703696921'><pre>java.lang.AssertionError: null
	at org.testng.Assert.fail(Assert.java:99)
	at org.testng.Assert.fail(Assert.java:106)
	at TestNGPack.TestNGDemo.test4(TestNGDemo.java:31)
	at sun.reflect.NativeMethodAccessorImpl.invoke0(Native Method)
	at sun.reflect.NativeMethodAccessorImpl.invoke(NativeMethodAccessorImpl.java:62)
	at sun.reflect.DelegatingMethodAccessorImpl.invoke(DelegatingMethodAccessorImpl.java:43)
	at java.lang.reflect.Method.invoke(Method.java:498)
	at org.testng.internal.MethodInvocationHelper.invokeMethod(MethodInvocationHelper.java:132)
	at org.testng.internal.TestInvoker.invokeMethod(TestInvoker.java:599)
	at org.testng.internal.TestInvoker.invokeTestMethod(TestInvoker.java:174)
	at org.testng.internal.MethodRunner.runInSequence(MethodRunner.java:46)
	at org.testng.internal.TestInvoker$MethodInvocationAgent.invoke(TestInvoker.java:822)
	at org.testng.internal.TestInvoker.invokeTestMethods(TestInvoker.java:147)
	at org.testng.internal.TestMethodWorker.invokeTestMethods(TestMethodWorker.java:146)
	at org.testng.internal.TestMethodWorker.run(TestMethodWorker.java:128)
	at java.util.ArrayList.forEach(ArrayList.java:1257)
	at org.testng.TestRunner.privateRun(TestRunner.java:764)
	at org.testng.TestRunner.run(TestRunner.java:585)
	at org.testng.SuiteRunner.runTest(SuiteRunner.java:384)
	at org.testng.SuiteRunner.runSequentially(SuiteRunner.java:378)
	at org.testng.SuiteRunner.privateRun(SuiteRunner.java:337)
	at org.testng.SuiteRunner.run(SuiteRunner.java:286)
	at org.testng.SuiteRunnerWorker.runSuite(SuiteRunnerWorker.java:53)
	at org.testng.SuiteRunnerWorker.run(SuiteRunnerWorker.java:96)
	at org.testng.TestNG.runSuitesSequentially(TestNG.java:1218)
	at org.testng.TestNG.runSuitesLocally(TestNG.java:1140)
	at org.testng.TestNG.runSuites(TestNG.java:1069)
	at org.testng.TestNG.run(TestNG.java:1037)
	at org.testng.remote.AbstractRemoteTestNG.run(AbstractRemoteTestNG.java:115)
	at org.testng.remote.RemoteTestNG.initAndRun(RemoteTestNG.java:251)
	at org.testng.remote.RemoteTestNG.main(RemoteTestNG.java:77)
</pre></div></td>
<td>0</td>
<td>TestNGPack.TestNGDemo@68bbe345</td></tr>
</table><p>
<table width='100%' border='1' class='invocation-passed'>
<tr><td colspan='4' align='center'><b>PASSED TESTS</b></td></tr>
<tr><td><b>Test method</b></td>
<td width="30%"><b>Exception</b></td>
<td width="10%"><b>Time (seconds)</b></td>
<td><b>Instance</b></td>
</tr>
<tr>
<td title='TestNGPack.TestNGTitleVerificationSA.assertTrue()'><b>assertTrue</b><br>Test class: TestNGPack.TestNGTitleVerificationSA<br>Test method: Case for comparison with contains</td>
<td></td>
<td>1</td>
<td>TestNGPack.TestNGTitleVerificationSA@a7e666</td></tr>
<tr>
<td title='TestNGPack.TestNGTitleVerificationSA.assertTruePS()'><b>assertTruePS</b><br>Test class: TestNGPack.TestNGTitleVerificationSA<br>Test method: Case for comparison from page source</td>
<td></td>
<td>1</td>
<td>TestNGPack.TestNGTitleVerificationSA@a7e666</td></tr>
<tr>
<td title='TestNGPack.TestNGDemo.test1()'><b>test1</b><br>Test class: TestNGPack.TestNGDemo<br>Test method: Test1 Description<br/>
<a href="#Output-1070044969" onClick='toggleBox("Output-1070044969", this, "Show output", "Hide output");'>Show output</a>

<a href="#Output-1070044969" onClick="toggleAllBoxes();">Show all outputs</a>
<div class='log' id="Output-1070044969">
1<br/>
</div>
</td>
<td></td>
<td>0</td>
<td>TestNGPack.TestNGDemo@68bbe345</td></tr>
<tr>
<td title='TestNGPack.TestNGDemo.test1()'><b>test1</b><br>Test class: TestNGPack.TestNGDemo<br>Test method: Test1 Description<br/>
<a href="#Output-888557915" onClick='toggleBox("Output-888557915", this, "Show output", "Hide output");'>Show output</a>

<a href="#Output-888557915" onClick="toggleAllBoxes();">Show all outputs</a>
<div class='log' id="Output-888557915">
1<br/>
</div>
</td>
<td></td>
<td>0</td>
<td>TestNGPack.TestNGDemo@68bbe345</td></tr>
<tr>
<td title='TestNGPack.TestNGDemo.test3()'><b>test3</b><br>Test class: TestNGPack.TestNGDemo<br>Test method: Test3 Description<br/>
<a href="#Output-1818339587" onClick='toggleBox("Output-1818339587", this, "Show output", "Hide output");'>Show output</a>

<a href="#Output-1818339587" onClick="toggleAllBoxes();">Show all outputs</a>
<div class='log' id="Output-1818339587">
3<br/>
</div>
</td>
<td></td>
<td>0</td>
<td>TestNGPack.TestNGDemo@68bbe345</td></tr>
<tr>
<td title='TestNGPack.TestNGDemo.test5()'><b>test5</b><br>Test class: TestNGPack.TestNGDemo<br>Test method: Test5 Description<br/>
<a href="#Output-170949260" onClick='toggleBox("Output-170949260", this, "Show output", "Hide output");'>Show output</a>

<a href="#Output-170949260" onClick="toggleAllBoxes();">Show all outputs</a>
<div class='log' id="Output-170949260">
5<br/>
</div>
</td>
<td></td>
<td>0</td>
<td>TestNGPack.TestNGDemo@68bbe345</td></tr>
</table><p>
<table width='100%' border='1' class='invocation-skipped'>
<tr><td colspan='4' align='center'><b>SKIPPED TESTS</b></td></tr>
<tr><td><b>Test method</b></td>
<td width="30%"><b>Exception</b></td>
<td width="10%"><b>Time (seconds)</b></td>
<td><b>Instance</b></td>
</tr>
<tr>
<td title='TestNGPack.TestNGDemo.test2()'><b>test2</b><br>Test class: TestNGPack.TestNGDemo<br>Test method: Test2 Description</td>
<td><div><pre>java.lang.Throwable: Method TestNGDemo.test2()[pri:0, instance:TestNGPack.TestNGDemo@68bbe345] depends on not successfully finished methods
	at java.util.ArrayList.forEach(ArrayList.java:1257)
... Removed 18 stack frames</pre></div><a href='#' onClick='toggleBox("stack-trace949767857", this, "Click to show all stack frames", "Click to hide stack frames")'>Click to show all stack frames</a>
<div class='stack-trace' id='stack-trace949767857'><pre>java.lang.Throwable: Method TestNGDemo.test2()[pri:0, instance:TestNGPack.TestNGDemo@68bbe345] depends on not successfully finished methods
	at org.testng.internal.TestInvoker.invokeTestMethods(TestInvoker.java:102)
	at org.testng.internal.TestMethodWorker.invokeTestMethods(TestMethodWorker.java:146)
	at org.testng.internal.TestMethodWorker.run(TestMethodWorker.java:128)
	at java.util.ArrayList.forEach(ArrayList.java:1257)
	at org.testng.TestRunner.privateRun(TestRunner.java:764)
	at org.testng.TestRunner.run(TestRunner.java:585)
	at org.testng.SuiteRunner.runTest(SuiteRunner.java:384)
	at org.testng.SuiteRunner.runSequentially(SuiteRunner.java:378)
	at org.testng.SuiteRunner.privateRun(SuiteRunner.java:337)
	at org.testng.SuiteRunner.run(SuiteRunner.java:286)
	at org.testng.SuiteRunnerWorker.runSuite(SuiteRunnerWorker.java:53)
	at org.testng.SuiteRunnerWorker.run(SuiteRunnerWorker.java:96)
	at org.testng.TestNG.runSuitesSequentially(TestNG.java:1218)
	at org.testng.TestNG.runSuitesLocally(TestNG.java:1140)
	at org.testng.TestNG.runSuites(TestNG.java:1069)
	at org.testng.TestNG.run(TestNG.java:1037)
	at org.testng.remote.AbstractRemoteTestNG.run(AbstractRemoteTestNG.java:115)
	at org.testng.remote.RemoteTestNG.initAndRun(RemoteTestNG.java:251)
	at org.testng.remote.RemoteTestNG.main(RemoteTestNG.java:77)
</pre></div></td>
<td>0</td>
<td>TestNGPack.TestNGDemo@68bbe345</td></tr>
</table><p>
</body>
</html>